Number of sequences analyzed:        34

Sequence 1 : /hsm/VR0082/shared/data/Elizabethkingia/parsnp4/P_2016_03_20_225625961136/SRR3240413_final.fasta.srt
SRR3240413_final.fasta.srt
Length:   3911053 bps
 GC: 1396172.0
 AT: 2514881.0
Sequence 2 : /vlsci/VR0082/shared/data/Elizabethkingia/refs_plus_spades//GCA_000240095.2_E.anophelis_genomic.fna
GCA_000240095.2_E.anophelis_genomic.fna
Length:   4051212 bps
 GC: 1435120.0
 AT: 2610592.0
Sequence 3 : /vlsci/VR0082/shared/data/Elizabethkingia/refs_plus_spades//GCA_000331815.1_ASM33181v1_genomic.fna
GCA_000331815.1_ASM33181v1_genomic.fna
Length:   4039650 bps
 GC: 1426045.0
 AT: 2606098.0
Sequence 4 : /vlsci/VR0082/shared/data/Elizabethkingia/refs_plus_spades//GCA_000447375.1_C874_spades_genomic.fna
GCA_000447375.1_C874_spades_genomic.fna
Length:   3962858 bps
 GC: 1406814.0
 AT: 2553844.0
Sequence 5 : /vlsci/VR0082/shared/data/Elizabethkingia/refs_plus_spades//GCA_000495935.2_ASM49593v2_genomic.fna
GCA_000495935.2_ASM49593v2_genomic.fna
Length:   4369828 bps
 GC: 1556640.0
 AT: 2813188.0
Sequence 6 : /vlsci/VR0082/shared/data/Elizabethkingia/refs_plus_spades//GCA_000495955.1_NUHP2_genomic.fna
GCA_000495955.1_NUHP2_genomic.fna
Length:   4341026 bps
 GC: 1540884.0
 AT: 2793752.0
Sequence 7 : /vlsci/VR0082/shared/data/Elizabethkingia/refs_plus_spades//GCA_000495975.1_NUHP3_genomic.fna
GCA_000495975.1_NUHP3_genomic.fna
Length:   4341805 bps
 GC: 1540465.0
 AT: 2793623.0
Sequence 8 : /vlsci/VR0082/shared/data/Elizabethkingia/refs_plus_spades//GCA_000495995.1_NUH1_genomic.fna
GCA_000495995.1_NUH1_genomic.fna
Length:   4341041 bps
 GC: 1540974.0
 AT: 2793683.0
Sequence 9 : /vlsci/VR0082/shared/data/Elizabethkingia/refs_plus_spades//GCA_000496015.1_NUH4_genomic.fna
GCA_000496015.1_NUH4_genomic.fna
Length:   4244876 bps
 GC: 1508232.0
 AT: 2731254.0
Sequence 10 : /vlsci/VR0082/shared/data/Elizabethkingia/refs_plus_spades//GCA_000496035.1_NUH6_genomic.fna
GCA_000496035.1_NUH6_genomic.fna
Length:   4131830 bps
 GC: 1468675.0
 AT: 2655113.0
Sequence 11 : /vlsci/VR0082/shared/data/Elizabethkingia/refs_plus_spades//GCA_000496055.1_NUH11_genomic.fna
GCA_000496055.1_NUH11_genomic.fna
Length:   4097864 bps
 GC: 1455627.0
 AT: 2635843.0
Sequence 12 : /vlsci/VR0082/shared/data/Elizabethkingia/refs_plus_spades//GCA_000689455.1_E18064v1_PRJEB5242_genomic.fna
GCA_000689455.1_E18064v1_PRJEB5242_genomic.fna
Length:   4059964 bps
 GC: 1440756.0
 AT: 2595939.0
Sequence 13 : /vlsci/VR0082/shared/data/Elizabethkingia/refs_plus_spades//GCA_000689515.1_E27107v1_PRJEB5243_genomic.fna
GCA_000689515.1_E27107v1_PRJEB5243_genomic.fna
Length:   4041737 bps
 GC: 1433275.0
 AT: 2598782.0
Sequence 14 : /vlsci/VR0082/shared/data/Elizabethkingia/refs_plus_spades//GCA_000735205.1_ASM73520v1_genomic.fna
GCA_000735205.1_ASM73520v1_genomic.fna
Length:   3941639 bps
 GC: 1398978.0
 AT: 2537271.0
Sequence 15 : /vlsci/VR0082/shared/data/Elizabethkingia/refs_plus_spades//GCA_000773465.1_ASM77346v1_genomic.fna
GCA_000773465.1_ASM77346v1_genomic.fna
Length:   4038084 bps
 GC: 1426494.0
 AT: 2593330.0
Sequence 16 : /vlsci/VR0082/shared/data/Elizabethkingia/refs_plus_spades//GCA_000982575.1_PW2806_genomic.fna
GCA_000982575.1_PW2806_genomic.fna
Length:   3917095 bps
 GC: 1398608.0
 AT: 2504876.0
Sequence 17 : /vlsci/VR0082/shared/data/Elizabethkingia/refs_plus_spades//GCA_001050935.1_ASM105093v1_genomic.fna
GCA_001050935.1_ASM105093v1_genomic.fna
Length:   3925343 bps
 GC: 1401259.0
 AT: 2515982.0
Sequence 18 : /vlsci/VR0082/shared/data/Elizabethkingia/refs_plus_spades//SRR3240397_final.fasta
SRR3240397_final.fasta
Length:   3929011 bps
 GC: 1403543.0
 AT: 2519308.0
Sequence 19 : /vlsci/VR0082/shared/data/Elizabethkingia/refs_plus_spades//SRR3240398_final.fasta
SRR3240398_final.fasta
Length:   3891005 bps
 GC: 1389204.0
 AT: 2487721.0
Sequence 20 : /vlsci/VR0082/shared/data/Elizabethkingia/refs_plus_spades//SRR3240399_final.fasta
SRR3240399_final.fasta
Length:   3917679 bps
 GC: 1397639.0
 AT: 2516190.0
Sequence 21 : /vlsci/VR0082/shared/data/Elizabethkingia/refs_plus_spades//SRR3240400_final.fasta
SRR3240400_final.fasta
Length:   3970441 bps
 GC: 1415999.0
 AT: 2540802.0
Sequence 22 : /vlsci/VR0082/shared/data/Elizabethkingia/refs_plus_spades//SRR3240401_final.fasta
SRR3240401_final.fasta
Length:   3931081 bps
 GC: 1405210.0
 AT: 2519161.0
Sequence 23 : /vlsci/VR0082/shared/data/Elizabethkingia/refs_plus_spades//SRR3240402_final.fasta
SRR3240402_final.fasta
Length:   3921259 bps
 GC: 1400516.0
 AT: 2516233.0
Sequence 24 : /vlsci/VR0082/shared/data/Elizabethkingia/refs_plus_spades//SRR3240403_final.fasta
SRR3240403_final.fasta
Length:   3914986 bps
 GC: 1397084.0
 AT: 2514492.0
Sequence 25 : /vlsci/VR0082/shared/data/Elizabethkingia/refs_plus_spades//SRR3240404_final.fasta
SRR3240404_final.fasta
Length:   3921622 bps
 GC: 1399402.0
 AT: 2517270.0
Sequence 26 : /vlsci/VR0082/shared/data/Elizabethkingia/refs_plus_spades//SRR3240405_final.fasta
SRR3240405_final.fasta
Length:   3949651 bps
 GC: 1410161.0
 AT: 2528710.0
Sequence 27 : /vlsci/VR0082/shared/data/Elizabethkingia/refs_plus_spades//SRR3240406_final.fasta
SRR3240406_final.fasta
Length:   3931134 bps
 GC: 1401032.0
 AT: 2508982.0
Sequence 28 : /vlsci/VR0082/shared/data/Elizabethkingia/refs_plus_spades//SRR3240407_final.fasta
SRR3240407_final.fasta
Length:   3869103 bps
 GC: 1381684.0
 AT: 2477629.0
Sequence 29 : /vlsci/VR0082/shared/data/Elizabethkingia/refs_plus_spades//SRR3240408_final.fasta
SRR3240408_final.fasta
Length:   3915987 bps
 GC: 1397733.0
 AT: 2514734.0
Sequence 30 : /vlsci/VR0082/shared/data/Elizabethkingia/refs_plus_spades//SRR3240409_final.fasta
SRR3240409_final.fasta
Length:   3873190 bps
 GC: 1381042.0
 AT: 2482248.0
Sequence 31 : /vlsci/VR0082/shared/data/Elizabethkingia/refs_plus_spades//SRR3240410_final.fasta
SRR3240410_final.fasta
Length:   4025512 bps
 GC: 1426508.0
 AT: 2575904.0
Sequence 32 : /vlsci/VR0082/shared/data/Elizabethkingia/refs_plus_spades//SRR3240411_final.fasta
SRR3240411_final.fasta
Length:   3911214 bps
 GC: 1394984.0
 AT: 2512930.0
Sequence 33 : /vlsci/VR0082/shared/data/Elizabethkingia/refs_plus_spades//SRR3240412_final.fasta
SRR3240412_final.fasta
Length:   3918066 bps
 GC: 1396787.0
 AT: 2516879.0
Sequence 34 : /vlsci/VR0082/shared/data/Elizabethkingia/refs_plus_spades//SRR3240414_final.fasta
SRR3240414_final.fasta
Length:   3922137 bps
 GC: 1398362.0
 AT: 2519155.0
d value:   300
q value:   110

Mum anchor size:   25.0
Number of MUM anchors found:   34039
Number of MUMs found:   5 
Total MUMs found((Anchors+MUMs)-filtered):   34014

Random MUM length:   1 
Minimum Cluster length:   21
Number of MUMs filtered:   30
Number of Clusters filtered:   30

Number of clusters created:   1356
Average number of MUMs per cluster:   25
Average cluster length:   2152 bps
Cluster coverage in sequence 1:   74.6%
Cluster coverage in sequence 2:   72.1%
Cluster coverage in sequence 3:   72.4%
Cluster coverage in sequence 4:   73.7%
Cluster coverage in sequence 5:   66.8%
Cluster coverage in sequence 6:   67.3%
Cluster coverage in sequence 7:   67.3%
Cluster coverage in sequence 8:   67.3%
Cluster coverage in sequence 9:   68.8%
Cluster coverage in sequence 10:   70.8%
Cluster coverage in sequence 11:   71.3%
Cluster coverage in sequence 12:   72.3%
Cluster coverage in sequence 13:   72.4%
Cluster coverage in sequence 14:   74.1%
Cluster coverage in sequence 15:   72.7%
Cluster coverage in sequence 16:   74.8%
Cluster coverage in sequence 17:   74.5%
Cluster coverage in sequence 18:   74.4%
Cluster coverage in sequence 19:   75.3%
Cluster coverage in sequence 20:   74.6%
Cluster coverage in sequence 21:   73.8%
Cluster coverage in sequence 22:   74.4%
Cluster coverage in sequence 23:   74.5%
Cluster coverage in sequence 24:   74.6%
Cluster coverage in sequence 25:   74.5%
Cluster coverage in sequence 26:   74.1%
Cluster coverage in sequence 27:   74.6%
Cluster coverage in sequence 28:   75.6%
Cluster coverage in sequence 29:   74.6%
Cluster coverage in sequence 30:   75.5%
Cluster coverage in sequence 31:   72.9%
Cluster coverage in sequence 32:   74.7%
Cluster coverage in sequence 33:   74.6%
Cluster coverage in sequence 34:   74.5%
Total coverage among all sequences:   72.7%

 MUM anchor search elapsed time:   77.0s 
 MUM coarsening elapsed time:   3.0s 
 MUM filtering elapsed time:   0.0s 
 MUM clustering elapsed time:   1.0s 
 Inter-clustering elapsed time:   0.0s 
 Total running time:   81.0s 
